--------------------------------------------------------------------------
Sorry!  You were supposed to get help about:
    find-available:not-valid
But I couldn't open the help file:
    /opt/openmpi/share/pmix/help-pmix-mca-base.txt: No such file or directory.
Sorry!
--------------------------------------------------------------------------
--------------------------------------------------------------------------
Sorry!  You were supposed to get help about:
    find-available:not-valid
But I couldn't open the help file:
    /opt/openmpi/share/pmix/help-pmix-mca-base.txt: No such file or directory.
Sorry!
--------------------------------------------------------------------------
--------------------------------------------------------------------------
Sorry!  You were supposed to get help about:
    find-available:not-valid
But I couldn't open the help file:
    /opt/openmpi/share/pmix/help-pmix-mca-base.txt: No such file or directory.
Sorry!
--------------------------------------------------------------------------
--------------------------------------------------------------------------
Sorry!  You were supposed to get help about:
    find-available:not-valid
But I couldn't open the help file:
    /opt/openmpi/share/pmix/help-pmix-mca-base.txt: No such file or directory.
Sorry!
--------------------------------------------------------------------------
--------------------------------------------------------------------------
Sorry!  You were supposed to get help about:
    find-available:not-valid
But I couldn't open the help file:
    /opt/openmpi/share/pmix/help-pmix-mca-base.txt: No such file or directory.
Sorry!
--------------------------------------------------------------------------
--------------------------------------------------------------------------
Sorry!  You were supposed to get help about:
    find-available:not-valid
But I couldn't open the help file:
    /opt/openmpi/share/pmix/help-pmix-mca-base.txt: No such file or directory.
Sorry!
--------------------------------------------------------------------------
--------------------------------------------------------------------------
Sorry!  You were supposed to get help about:
    find-available:not-valid
But I couldn't open the help file:
    /opt/openmpi/share/pmix/help-pmix-mca-base.txt: No such file or directory.
Sorry!
--------------------------------------------------------------------------
--------------------------------------------------------------------------
Sorry!  You were supposed to get help about:
    find-available:not-valid
But I couldn't open the help file:
    /opt/openmpi/share/pmix/help-pmix-mca-base.txt: No such file or directory.
Sorry!
--------------------------------------------------------------------------
--------------------------------------------------------------------------
Sorry!  You were supposed to get help about:
    find-available:not-valid
But I couldn't open the help file:
    /opt/openmpi/share/pmix/help-pmix-mca-base.txt: No such file or directory.
Sorry!
--------------------------------------------------------------------------
--------------------------------------------------------------------------
Sorry!  You were supposed to get help about:
    find-available:not-valid
But I couldn't open the help file:
    /opt/openmpi/share/pmix/help-pmix-mca-base.txt: No such file or directory.
Sorry!
--------------------------------------------------------------------------
--------------------------------------------------------------------------
Sorry!  You were supposed to get help about:
    find-available:not-valid
But I couldn't open the help file:
    /opt/openmpi/share/pmix/help-pmix-mca-base.txt: No such file or directory.
Sorry!
--------------------------------------------------------------------------
--------------------------------------------------------------------------
Sorry!  You were supposed to get help about:
    find-available:not-valid
But I couldn't open the help file:
    /opt/openmpi/share/pmix/help-pmix-mca-base.txt: No such file or directory.
Sorry!
--------------------------------------------------------------------------
--------------------------------------------------------------------------
Sorry!  You were supposed to get help about:
    find-available:not-valid
But I couldn't open the help file:
    /opt/openmpi/share/pmix/help-pmix-mca-base.txt: No such file or directory.
Sorry!
--------------------------------------------------------------------------
--------------------------------------------------------------------------
Sorry!  You were supposed to get help about:
    find-available:not-valid
But I couldn't open the help file:
    /opt/openmpi/share/pmix/help-pmix-mca-base.txt: No such file or directory.
Sorry!
--------------------------------------------------------------------------
--------------------------------------------------------------------------
Sorry!  You were supposed to get help about:
    find-available:not-valid
But I couldn't open the help file:
    /opt/openmpi/share/pmix/help-pmix-mca-base.txt: No such file or directory.
Sorry!
--------------------------------------------------------------------------
--------------------------------------------------------------------------
Sorry!  You were supposed to get help about:
    find-available:not-valid
But I couldn't open the help file:
    /opt/openmpi/share/pmix/help-pmix-mca-base.txt: No such file or directory.
Sorry!
--------------------------------------------------------------------------
--------------------------------------------------------------------------
Sorry!  You were supposed to get help about:
    find-available:not-valid
But I couldn't open the help file:
    /opt/openmpi/share/pmix/help-pmix-mca-base.txt: No such file or directory.
Sorry!
--------------------------------------------------------------------------
--------------------------------------------------------------------------
Sorry!  You were supposed to get help about:
    find-available:not-valid
But I couldn't open the help file:
    /opt/openmpi/share/pmix/help-pmix-mca-base.txt: No such file or directory.
Sorry!
--------------------------------------------------------------------------
--------------------------------------------------------------------------
Sorry!  You were supposed to get help about:
    find-available:not-valid
But I couldn't open the help file:
    /opt/openmpi/share/pmix/help-pmix-mca-base.txt: No such file or directory.
Sorry!
--------------------------------------------------------------------------
--------------------------------------------------------------------------
Sorry!  You were supposed to get help about:
    find-available:not-valid
But I couldn't open the help file:
    /opt/openmpi/share/pmix/help-pmix-mca-base.txt: No such file or directory.
Sorry!
--------------------------------------------------------------------------
--------------------------------------------------------------------------
Sorry!  You were supposed to get help about:
    find-available:not-valid
But I couldn't open the help file:
    /opt/openmpi/share/pmix/help-pmix-mca-base.txt: No such file or directory.
Sorry!
--------------------------------------------------------------------------
--------------------------------------------------------------------------
Sorry!  You were supposed to get help about:
    find-available:not-valid
But I couldn't open the help file:
    /opt/openmpi/share/pmix/help-pmix-mca-base.txt: No such file or directory.
Sorry!
--------------------------------------------------------------------------
--------------------------------------------------------------------------
Sorry!  You were supposed to get help about:
    find-available:not-valid
But I couldn't open the help file:
    /opt/openmpi/share/pmix/help-pmix-mca-base.txt: No such file or directory.
Sorry!
--------------------------------------------------------------------------
--------------------------------------------------------------------------
Sorry!  You were supposed to get help about:
    find-available:not-valid
But I couldn't open the help file:
    /opt/openmpi/share/pmix/help-pmix-mca-base.txt: No such file or directory.
Sorry!
--------------------------------------------------------------------------
/pscratch/sd/l/lindajin/SimulationStacker/scripts/compare_data_ratio.py:452: UserWarning: This figure includes Axes that are not compatible with tight_layout, so results might be incorrect.
  fig.tight_layout(rect=[0, 0, 0.82, 1])  # keep right margin reserved for colorbar
